<?xml version="1.0" encoding="UTF-8"?>
<!-- Generated by org.testng.reporters.JUnitXMLReporter -->
<testsuite hostname="C100-17" ignored="0" name="Test" tests="1" failures="1" timestamp="25 Apr 2018 06:10:41 GMT" time="0.077" errors="0">
  <testcase name="verifySeleniumBlog" time="0.045" classname="com.kunal.DemoExe">
    <failure type="java.lang.NoClassDefFoundError" message="freemarker/template/TemplateException">
      <![CDATA[java.lang.NoClassDefFoundError: freemarker/template/TemplateException
at com.relevantcodes.extentreports.ExtentReports.<init>(ExtentReports.java:84)
at com.relevantcodes.extentreports.ExtentReports.<init>(ExtentReports.java:418)
at com.kunal.DemoExe.verifySeleniumBlog(DemoExe.java:36)
Caused by: java.lang.ClassNotFoundException: freemarker.template.TemplateException
at java.net.URLClassLoader$1.run(URLClassLoader.java:372)
at java.net.URLClassLoader$1.run(URLClassLoader.java:361)
at java.security.AccessController.doPrivileged(Native Method)
at java.net.URLClassLoader.findClass(URLClassLoader.java:360)
at java.lang.ClassLoader.loadClass(ClassLoader.java:424)
at sun.misc.Launcher$AppClassLoader.loadClass(Launcher.java:308)
at java.lang.ClassLoader.loadClass(ClassLoader.java:357)
... 28 more
... Removed 25 stack frames]]>
    </failure>
  </testcase> <!-- verifySeleniumBlog -->
</testsuite> <!-- Test -->
